[2021-01-06 23:59:32] local.ERROR: Command "make:auth" is not defined.

Did you mean one of these?
    make:cast
    make:channel
    make:command
    make:component
    make:controller
    make:event
    make:exception
    make:factory
    make:job
    make:listener
    make:mail
    make:middleware
    make:migration
    make:model
    make:notification
    make:observer
    make:policy
    make:provider
    make:request
    make:resource
    make:rule
    make:seeder
    make:test
    ui:auth {"exception":"[object] (Symfony\\Component\\Console\\Exception\\CommandNotFoundException(code: 0): Command \"make:auth\" is not defined.

Did you mean one of these?
    make:cast
    make:channel
    make:command
    make:component
    make:controller
    make:event
    make:exception
    make:factory
    make:job
    make:listener
    make:mail
    make:middleware
    make:migration
    make:model
    make:notification
    make:observer
    make:policy
    make:provider
    make:request
    make:resource
    make:rule
    make:seeder
    make:test
    ui:auth at /mnt/c/Users/Paulo/Documents/laravel/laravelsolo/laravelsolo/vendor/symfony/console/Application.php:675)
[stacktrace]
#0 /mnt/c/Users/Paulo/Documents/laravel/laravelsolo/laravelsolo/vendor/symfony/console/Application.php(254): Symfony\\Component\\Console\\Application->find()
#1 /mnt/c/Users/Paulo/Documents/laravel/laravelsolo/laravelsolo/vendor/symfony/console/Application.php(166): Symfony\\Component\\Console\\Application->doRun()
#2 /mnt/c/Users/Paulo/Documents/laravel/laravelsolo/laravelsolo/vendor/laravel/framework/src/Illuminate/Console/Application.php(93): Symfony\\Component\\Console\\Application->run()
#3 /mnt/c/Users/Paulo/Documents/laravel/laravelsolo/laravelsolo/vendor/laravel/framework/src/Illuminate/Foundation/Console/Kernel.php(129): Illuminate\\Console\\Application->run()
#4 /mnt/c/Users/Paulo/Documents/laravel/laravelsolo/laravelsolo/artisan(37): Illuminate\\Foundation\\Console\\Kernel->handle()
#5 {main}
"} 
