[2020-12-31 20:50:04] local.ERROR: SQLSTATE[HY000] [2002] No such file or directory (SQL: select count(*) as aggregate from `posts`) {"exception":"[object] (Illuminate\\Database\\QueryException(code: 2002): SQLSTATE[HY000] [2002] No such file or directory (SQL: select count(*) as aggregate from `posts`) at /mnt/c/Users/Paulo/Documents/laravel/laravelsolo/laravelsolo/vendor/laravel/framework/src/Illuminate/Database/Connection.php:678)
[stacktrace]
#0 /mnt/c/Users/Paulo/Documents/laravel/laravelsolo/laravelsolo/vendor/laravel/framework/src/Illuminate/Database/Connection.php(638): Illuminate\\Database\\Connection->runQueryCallback()
#1 /mnt/c/Users/Paulo/Documents/laravel/laravelsolo/laravelsolo/vendor/laravel/framework/src/Illuminate/Database/Connection.php(346): Illuminate\\Database\\Connection->run()
#2 /mnt/c/Users/Paulo/Documents/laravel/laravelsolo/laravelsolo/vendor/laravel/framework/src/Illuminate/Database/Query/Builder.php(2303): Illuminate\\Database\\Connection->select()
#3 /mnt/c/Users/Paulo/Documents/laravel/laravelsolo/laravelsolo/vendor/laravel/framework/src/Illuminate/Database/Query/Builder.php(2291): Illuminate\\Database\\Query\\Builder->runSelect()
#4 /mnt/c/Users/Paulo/Documents/laravel/laravelsolo/laravelsolo/vendor/laravel/framework/src/Illuminate/Database/Query/Builder.php(2786): Illuminate\\Database\\Query\\Builder->Illuminate\\Database\\Query\\{closure}()
#5 /mnt/c/Users/Paulo/Documents/laravel/laravelsolo/laravelsolo/vendor/laravel/framework/src/Illuminate/Database/Query/Builder.php(2292): Illuminate\\Database\\Query\\Builder->onceWithColumns()
#6 /mnt/c/Users/Paulo/Documents/laravel/laravelsolo/laravelsolo/vendor/laravel/framework/src/Illuminate/Database/Query/Builder.php(2402): Illuminate\\Database\\Query\\Builder->get()
#7 /mnt/c/Users/Paulo/Documents/laravel/laravelsolo/laravelsolo/vendor/laravel/framework/src/Illuminate/Database/Query/Builder.php(2361): Illuminate\\Database\\Query\\Builder->runPaginationCountQuery()
#8 /mnt/c/Users/Paulo/Documents/laravel/laravelsolo/laravelsolo/vendor/laravel/framework/src/Illuminate/Database/Query/Builder.php(2320): Illuminate\\Database\\Query\\Builder->getCountForPagination()
#9 /mnt/c/Users/Paulo/Documents/laravel/laravelsolo/laravelsolo/app/Http/Controllers/PostController.php(22): Illuminate\\Database\\Query\\Builder->paginate()
#10 /mnt/c/Users/Paulo/Documents/laravel/laravelsolo/laravelsolo/vendor/laravel/framework/src/Illuminate/Routing/Controller.php(54): App\\Http\\Controllers\\PostController->index()
#11 /mnt/c/Users/Paulo/Documents/laravel/laravelsolo/laravelsolo/vendor/laravel/framework/src/Illuminate/Routing/ControllerDispatcher.php(45): Illuminate\\Routing\\Controller->callAction()
#12 /mnt/c/Users/Paulo/Documents/laravel/laravelsolo/laravelsolo/vendor/laravel/framework/src/Illuminate/Routing/Route.php(254): Illuminate\\Routing\\ControllerDispatcher->dispatch()
#13 /mnt/c/Users/Paulo/Documents/laravel/laravelsolo/laravelsolo/vendor/laravel/framework/src/Illuminate/Routing/Route.php(197): Illuminate\\Routing\\Route->runController()
#14 /mnt/c/Users/Paulo/Documents/laravel/laravelsolo/laravelsolo/vendor/laravel/framework/src/Illuminate/Routing/Router.php(692): Illuminate\\Routing\\Route->run()
#15 /mnt/c/Users/Paulo/Documents/laravel/laravelsolo/laravelsolo/vendor/laravel/framework/src/Illuminate/Pipeline/Pipeline.php(128): Illuminate\\Routing\\Router->Illuminate\\Routing\\{closure}()
#16 /mnt/c/Users/Paulo/Documents/laravel/laravelsolo/laravelsolo/app/Http/Middleware/CustomAuth.php(20): Illuminate\\Pipeline\\Pipeline->Illuminate\\Pipeline\\{closure}()
#17 /mnt/c/Users/Paulo/Documents/laravel/laravelsolo/laravelsolo/vendor/laravel/framework/src/Illuminate/Pipeline/Pipeline.php(167): App\\Http\\Middleware\\CustomAuth->handle()
#18 /mnt/c/Users/Paulo/Documents/laravel/laravelsolo/laravelsolo/vendor/laravel/framework/src/Illuminate/Routing/Middleware/SubstituteBindings.php(41): Illuminate\\Pipeline\\Pipeline->Illuminate\\Pipeline\\{closure}()
#19 /mnt/c/Users/Paulo/Documents/laravel/laravelsolo/laravelsolo/vendor/laravel/framework/src/Illuminate/Pipeline/Pipeline.php(167): Illuminate\\Routing\\Middleware\\SubstituteBindings->handle()
#20 /mnt/c/Users/Paulo/Documents/laravel/laravelsolo/laravelsolo/vendor/laravel/framework/src/Illuminate/Foundation/Http/Middleware/VerifyCsrfToken.php(77): Illuminate\\Pipeline\\Pipeline->Illuminate\\Pipeline\\{closure}()
#21 /mnt/c/Users/Paulo/Documents/laravel/laravelsolo/laravelsolo/vendor/laravel/framework/src/Illuminate/Pipeline/Pipeline.php(167): Illuminate\\Foundation\\Http\\Middleware\\VerifyCsrfToken->handle()
#22 /mnt/c/Users/Paulo/Documents/laravel/laravelsolo/laravelsolo/vendor/laravel/framework/src/Illuminate/View/Middleware/ShareErrorsFromSession.php(49): Illuminate\\Pipeline\\Pipeline->Illuminate\\Pipeline\\{closure}()
#23 /mnt/c/Users/Paulo/Documents/laravel/laravelsolo/laravelsolo/vendor/laravel/framework/src/Illuminate/Pipeline/Pipeline.php(167): Illuminate\\View\\Middleware\\ShareErrorsFromSession->handle()
#24 /mnt/c/Users/Paulo/Documents/laravel/laravelsolo/laravelsolo/vendor/laravel/framework/src/Illuminate/Session/Middleware/StartSession.php(121): Illuminate\\Pipeline\\Pipeline->Illuminate\\Pipeline\\{closure}()
#25 /mnt/c/Users/Paulo/Documents/laravel/laravelsolo/laravelsolo/vendor/laravel/framework/src/Illuminate/Session/Middleware/StartSession.php(63): Illuminate\\Session\\Middleware\\StartSession->handleStatefulRequest()
#26 /mnt/c/Users/Paulo/Documents/laravel/laravelsolo/laravelsolo/vendor/laravel/framework/src/Illuminate/Pipeline/Pipeline.php(167): Illuminate\\Session\\Middleware\\StartSession->handle()
#27 /mnt/c/Users/Paulo/Documents/laravel/laravelsolo/laravelsolo/vendor/laravel/framework/src/Illuminate/Cookie/Middleware/AddQueuedCookiesToResponse.php(37): Illuminate\\Pipeline\\Pipeline->Illuminate\\Pipeline\\{closure}()
#28 /mnt/c/Users/Paulo/Documents/laravel/laravelsolo/laravelsolo/vendor/laravel/framework/src/Illuminate/Pipeline/Pipeline.php(167): Illuminate\\Cookie\\Middleware\\AddQueuedCookiesToResponse->handle()
#29 /mnt/c/Users/Paulo/Documents/laravel/laravelsolo/laravelsolo/vendor/laravel/framework/src/Illuminate/Cookie/Middleware/EncryptCookies.php(67): Illuminate\\Pipeline\\Pipeline->Illuminate\\Pipeline\\{closure}()
#30 /mnt/c/Users/Paulo/Documents/laravel/laravelsolo/laravelsolo/vendor/laravel/framework/src/Illuminate/Pipeline/Pipeline.php(167): Illuminate\\Cookie\\Middleware\\EncryptCookies->handle()
#31 /mnt/c/Users/Paulo/Documents/laravel/laravelsolo/laravelsolo/vendor/laravel/framework/src/Illuminate/Pipeline/Pipeline.php(103): Illuminate\\Pipeline\\Pipeline->Illuminate\\Pipeline\\{closure}()
#32 /mnt/c/Users/Paulo/Documents/laravel/laravelsolo/laravelsolo/vendor/laravel/framework/src/Illuminate/Routing/Router.php(694): Illuminate\\Pipeline\\Pipeline->then()
#33 /mnt/c/Users/Paulo/Documents/laravel/laravelsolo/laravelsolo/vendor/laravel/framework/src/Illuminate/Routing/Router.php(669): Illuminate\\Routing\\Router->runRouteWithinStack()
#34 /mnt/c/Users/Paulo/Documents/laravel/laravelsolo/laravelsolo/vendor/laravel/framework/src/Illuminate/Routing/Router.php(635): Illuminate\\Routing\\Router->runRoute()
#35 /mnt/c/Users/Paulo/Documents/laravel/laravelsolo/laravelsolo/vendor/laravel/framework/src/Illuminate/Routing/Router.php(624): Illuminate\\Routing\\Router->dispatchToRoute()
#36 /mnt/c/Users/Paulo/Documents/laravel/laravelsolo/laravelsolo/vendor/laravel/framework/src/Illuminate/Foundation/Http/Kernel.php(166): Illuminate\\Routing\\Router->dispatch()
#37 /mnt/c/Users/Paulo/Documents/laravel/laravelsolo/laravelsolo/vendor/laravel/framework/src/Illuminate/Pipeline/Pipeline.php(128): Illuminate\\Foundation\\Http\\Kernel->Illuminate\\Foundation\\Http\\{closure}()
#38 /mnt/c/Users/Paulo/Documents/laravel/laravelsolo/laravelsolo/vendor/laravel/framework/src/Illuminate/Foundation/Http/Middleware/TransformsRequest.php(21): Illuminate\\Pipeline\\Pipeline->Illuminate\\Pipeline\\{closure}()
#39 /mnt/c/Users/Paulo/Documents/laravel/laravelsolo/laravelsolo/vendor/laravel/framework/src/Illuminate/Pipeline/Pipeline.php(167): Illuminate\\Foundation\\Http\\Middleware\\TransformsRequest->handle()
#40 /mnt/c/Users/Paulo/Documents/laravel/laravelsolo/laravelsolo/vendor/laravel/framework/src/Illuminate/Foundation/Http/Middleware/TransformsRequest.php(21): Illuminate\\Pipeline\\Pipeline->Illuminate\\Pipeline\\{closure}()
#41 /mnt/c/Users/Paulo/Documents/laravel/laravelsolo/laravelsolo/vendor/laravel/framework/src/Illuminate/Pipeline/Pipeline.php(167): Illuminate\\Foundation\\Http\\Middleware\\TransformsRequest->handle()
#42 /mnt/c/Users/Paulo/Documents/laravel/laravelsolo/laravelsolo/vendor/laravel/framework/src/Illuminate/Foundation/Http/Middleware/ValidatePostSize.php(27): Illuminate\\Pipeline\\Pipeline->Illuminate\\Pipeline\\{closure}()
#43 /mnt/c/Users/Paulo/Documents/laravel/laravelsolo/laravelsolo/vendor/laravel/framework/src/Illuminate/Pipeline/Pipeline.php(167): Illuminate\\Foundation\\Http\\Middleware\\ValidatePostSize->handle()
#44 /mnt/c/Users/Paulo/Documents/laravel/laravelsolo/laravelsolo/vendor/laravel/framework/src/Illuminate/Foundation/Http/Middleware/PreventRequestsDuringMaintenance.php(87): Illuminate\\Pipeline\\Pipeline->Illuminate\\Pipeline\\{closure}()
#45 /mnt/c/Users/Paulo/Documents/laravel/laravelsolo/laravelsolo/vendor/laravel/framework/src/Illuminate/Pipeline/Pipeline.php(167): Illuminate\\Foundation\\Http\\Middleware\\PreventRequestsDuringMaintenance->handle()
#46 /mnt/c/Users/Paulo/Documents/laravel/laravelsolo/laravelsolo/vendor/fruitcake/laravel-cors/src/HandleCors.php(37): Illuminate\\Pipeline\\Pipeline->Illuminate\\Pipeline\\{closure}()
#47 /mnt/c/Users/Paulo/Documents/laravel/laravelsolo/laravelsolo/vendor/laravel/framework/src/Illuminate/Pipeline/Pipeline.php(167): Fruitcake\\Cors\\HandleCors->handle()
#48 /mnt/c/Users/Paulo/Documents/laravel/laravelsolo/laravelsolo/vendor/fideloper/proxy/src/TrustProxies.php(57): Illuminate\\Pipeline\\Pipeline->Illuminate\\Pipeline\\{closure}()
#49 /mnt/c/Users/Paulo/Documents/laravel/laravelsolo/laravelsolo/vendor/laravel/framework/src/Illuminate/Pipeline/Pipeline.php(167): Fideloper\\Proxy\\TrustProxies->handle()
#50 /mnt/c/Users/Paulo/Documents/laravel/laravelsolo/laravelsolo/vendor/laravel/framework/src/Illuminate/Pipeline/Pipeline.php(103): Illuminate\\Pipeline\\Pipeline->Illuminate\\Pipeline\\{closure}()
#51 /mnt/c/Users/Paulo/Documents/laravel/laravelsolo/laravelsolo/vendor/laravel/framework/src/Illuminate/Foundation/Http/Kernel.php(141): Illuminate\\Pipeline\\Pipeline->then()
#52 /mnt/c/Users/Paulo/Documents/laravel/laravelsolo/laravelsolo/vendor/laravel/framework/src/Illuminate/Foundation/Http/Kernel.php(110): Illuminate\\Foundation\\Http\\Kernel->sendRequestThroughRouter()
#53 /mnt/c/Users/Paulo/Documents/laravel/laravelsolo/laravelsolo/public/index.php(52): Illuminate\\Foundation\\Http\\Kernel->handle()
#54 /mnt/c/Users/Paulo/Documents/laravel/laravelsolo/laravelsolo/server.php(21): require_once('/mnt/c/Users/Pa...')
#55 {main}

[previous exception] [object] (PDOException(code: 2002): SQLSTATE[HY000] [2002] No such file or directory at /mnt/c/Users/Paulo/Documents/laravel/laravelsolo/laravelsolo/vendor/laravel/framework/src/Illuminate/Database/Connectors/Connector.php:70)
[stacktrace]
#0 /mnt/c/Users/Paulo/Documents/laravel/laravelsolo/laravelsolo/vendor/laravel/framework/src/Illuminate/Database/Connectors/Connector.php(70): PDO->__construct()
#1 /mnt/c/Users/Paulo/Documents/laravel/laravelsolo/laravelsolo/vendor/laravel/framework/src/Illuminate/Database/Connectors/Connector.php(46): Illuminate\\Database\\Connectors\\Connector->createPdoConnection()
#2 /mnt/c/Users/Paulo/Documents/laravel/laravelsolo/laravelsolo/vendor/laravel/framework/src/Illuminate/Database/Connectors/MySqlConnector.php(24): Illuminate\\Database\\Connectors\\Connector->createConnection()
#3 /mnt/c/Users/Paulo/Documents/laravel/laravelsolo/laravelsolo/vendor/laravel/framework/src/Illuminate/Database/Connectors/ConnectionFactory.php(184): Illuminate\\Database\\Connectors\\MySqlConnector->connect()
#4 [internal function]: Illuminate\\Database\\Connectors\\ConnectionFactory->Illuminate\\Database\\Connectors\\{closure}()
#5 /mnt/c/Users/Paulo/Documents/laravel/laravelsolo/laravelsolo/vendor/laravel/framework/src/Illuminate/Database/Connection.php(939): call_user_func()
#6 /mnt/c/Users/Paulo/Documents/laravel/laravelsolo/laravelsolo/vendor/laravel/framework/src/Illuminate/Database/Connection.php(974): Illuminate\\Database\\Connection->getPdo()
#7 /mnt/c/Users/Paulo/Documents/laravel/laravelsolo/laravelsolo/vendor/laravel/framework/src/Illuminate/Database/Connection.php(412): Illuminate\\Database\\Connection->getReadPdo()
#8 /mnt/c/Users/Paulo/Documents/laravel/laravelsolo/laravelsolo/vendor/laravel/framework/src/Illuminate/Database/Connection.php(338): Illuminate\\Database\\Connection->getPdoForSelect()
#9 /mnt/c/Users/Paulo/Documents/laravel/laravelsolo/laravelsolo/vendor/laravel/framework/src/Illuminate/Database/Connection.php(671): Illuminate\\Database\\Connection->Illuminate\\Database\\{closure}()
#10 /mnt/c/Users/Paulo/Documents/laravel/laravelsolo/laravelsolo/vendor/laravel/framework/src/Illuminate/Database/Connection.php(638): Illuminate\\Database\\Connection->runQueryCallback()
#11 /mnt/c/Users/Paulo/Documents/laravel/laravelsolo/laravelsolo/vendor/laravel/framework/src/Illuminate/Database/Connection.php(346): Illuminate\\Database\\Connection->run()
#12 /mnt/c/Users/Paulo/Documents/laravel/laravelsolo/laravelsolo/vendor/laravel/framework/src/Illuminate/Database/Query/Builder.php(2303): Illuminate\\Database\\Connection->select()
#13 /mnt/c/Users/Paulo/Documents/laravel/laravelsolo/laravelsolo/vendor/laravel/framework/src/Illuminate/Database/Query/Builder.php(2291): Illuminate\\Database\\Query\\Builder->runSelect()
#14 /mnt/c/Users/Paulo/Documents/laravel/laravelsolo/laravelsolo/vendor/laravel/framework/src/Illuminate/Database/Query/Builder.php(2786): Illuminate\\Database\\Query\\Builder->Illuminate\\Database\\Query\\{closure}()
#15 /mnt/c/Users/Paulo/Documents/laravel/laravelsolo/laravelsolo/vendor/laravel/framework/src/Illuminate/Database/Query/Builder.php(2292): Illuminate\\Database\\Query\\Builder->onceWithColumns()
#16 /mnt/c/Users/Paulo/Documents/laravel/laravelsolo/laravelsolo/vendor/laravel/framework/src/Illuminate/Database/Query/Builder.php(2402): Illuminate\\Database\\Query\\Builder->get()
#17 /mnt/c/Users/Paulo/Documents/laravel/laravelsolo/laravelsolo/vendor/laravel/framework/src/Illuminate/Database/Query/Builder.php(2361): Illuminate\\Database\\Query\\Builder->runPaginationCountQuery()
#18 /mnt/c/Users/Paulo/Documents/laravel/laravelsolo/laravelsolo/vendor/laravel/framework/src/Illuminate/Database/Query/Builder.php(2320): Illuminate\\Database\\Query\\Builder->getCountForPagination()
#19 /mnt/c/Users/Paulo/Documents/laravel/laravelsolo/laravelsolo/app/Http/Controllers/PostController.php(22): Illuminate\\Database\\Query\\Builder->paginate()
#20 /mnt/c/Users/Paulo/Documents/laravel/laravelsolo/laravelsolo/vendor/laravel/framework/src/Illuminate/Routing/Controller.php(54): App\\Http\\Controllers\\PostController->index()
#21 /mnt/c/Users/Paulo/Documents/laravel/laravelsolo/laravelsolo/vendor/laravel/framework/src/Illuminate/Routing/ControllerDispatcher.php(45): Illuminate\\Routing\\Controller->callAction()
#22 /mnt/c/Users/Paulo/Documents/laravel/laravelsolo/laravelsolo/vendor/laravel/framework/src/Illuminate/Routing/Route.php(254): Illuminate\\Routing\\ControllerDispatcher->dispatch()
#23 /mnt/c/Users/Paulo/Documents/laravel/laravelsolo/laravelsolo/vendor/laravel/framework/src/Illuminate/Routing/Route.php(197): Illuminate\\Routing\\Route->runController()
#24 /mnt/c/Users/Paulo/Documents/laravel/laravelsolo/laravelsolo/vendor/laravel/framework/src/Illuminate/Routing/Router.php(692): Illuminate\\Routing\\Route->run()
#25 /mnt/c/Users/Paulo/Documents/laravel/laravelsolo/laravelsolo/vendor/laravel/framework/src/Illuminate/Pipeline/Pipeline.php(128): Illuminate\\Routing\\Router->Illuminate\\Routing\\{closure}()
#26 /mnt/c/Users/Paulo/Documents/laravel/laravelsolo/laravelsolo/app/Http/Middleware/CustomAuth.php(20): Illuminate\\Pipeline\\Pipeline->Illuminate\\Pipeline\\{closure}()
#27 /mnt/c/Users/Paulo/Documents/laravel/laravelsolo/laravelsolo/vendor/laravel/framework/src/Illuminate/Pipeline/Pipeline.php(167): App\\Http\\Middleware\\CustomAuth->handle()
#28 /mnt/c/Users/Paulo/Documents/laravel/laravelsolo/laravelsolo/vendor/laravel/framework/src/Illuminate/Routing/Middleware/SubstituteBindings.php(41): Illuminate\\Pipeline\\Pipeline->Illuminate\\Pipeline\\{closure}()
#29 /mnt/c/Users/Paulo/Documents/laravel/laravelsolo/laravelsolo/vendor/laravel/framework/src/Illuminate/Pipeline/Pipeline.php(167): Illuminate\\Routing\\Middleware\\SubstituteBindings->handle()
#30 /mnt/c/Users/Paulo/Documents/laravel/laravelsolo/laravelsolo/vendor/laravel/framework/src/Illuminate/Foundation/Http/Middleware/VerifyCsrfToken.php(77): Illuminate\\Pipeline\\Pipeline->Illuminate\\Pipeline\\{closure}()
#31 /mnt/c/Users/Paulo/Documents/laravel/laravelsolo/laravelsolo/vendor/laravel/framework/src/Illuminate/Pipeline/Pipeline.php(167): Illuminate\\Foundation\\Http\\Middleware\\VerifyCsrfToken->handle()
#32 /mnt/c/Users/Paulo/Documents/laravel/laravelsolo/laravelsolo/vendor/laravel/framework/src/Illuminate/View/Middleware/ShareErrorsFromSession.php(49): Illuminate\\Pipeline\\Pipeline->Illuminate\\Pipeline\\{closure}()
#33 /mnt/c/Users/Paulo/Documents/laravel/laravelsolo/laravelsolo/vendor/laravel/framework/src/Illuminate/Pipeline/Pipeline.php(167): Illuminate\\View\\Middleware\\ShareErrorsFromSession->handle()
#34 /mnt/c/Users/Paulo/Documents/laravel/laravelsolo/laravelsolo/vendor/laravel/framework/src/Illuminate/Session/Middleware/StartSession.php(121): Illuminate\\Pipeline\\Pipeline->Illuminate\\Pipeline\\{closure}()
#35 /mnt/c/Users/Paulo/Documents/laravel/laravelsolo/laravelsolo/vendor/laravel/framework/src/Illuminate/Session/Middleware/StartSession.php(63): Illuminate\\Session\\Middleware\\StartSession->handleStatefulRequest()
#36 /mnt/c/Users/Paulo/Documents/laravel/laravelsolo/laravelsolo/vendor/laravel/framework/src/Illuminate/Pipeline/Pipeline.php(167): Illuminate\\Session\\Middleware\\StartSession->handle()
#37 /mnt/c/Users/Paulo/Documents/laravel/laravelsolo/laravelsolo/vendor/laravel/framework/src/Illuminate/Cookie/Middleware/AddQueuedCookiesToResponse.php(37): Illuminate\\Pipeline\\Pipeline->Illuminate\\Pipeline\\{closure}()
#38 /mnt/c/Users/Paulo/Documents/laravel/laravelsolo/laravelsolo/vendor/laravel/framework/src/Illuminate/Pipeline/Pipeline.php(167): Illuminate\\Cookie\\Middleware\\AddQueuedCookiesToResponse->handle()
#39 /mnt/c/Users/Paulo/Documents/laravel/laravelsolo/laravelsolo/vendor/laravel/framework/src/Illuminate/Cookie/Middleware/EncryptCookies.php(67): Illuminate\\Pipeline\\Pipeline->Illuminate\\Pipeline\\{closure}()
#40 /mnt/c/Users/Paulo/Documents/laravel/laravelsolo/laravelsolo/vendor/laravel/framework/src/Illuminate/Pipeline/Pipeline.php(167): Illuminate\\Cookie\\Middleware\\EncryptCookies->handle()
#41 /mnt/c/Users/Paulo/Documents/laravel/laravelsolo/laravelsolo/vendor/laravel/framework/src/Illuminate/Pipeline/Pipeline.php(103): Illuminate\\Pipeline\\Pipeline->Illuminate\\Pipeline\\{closure}()
#42 /mnt/c/Users/Paulo/Documents/laravel/laravelsolo/laravelsolo/vendor/laravel/framework/src/Illuminate/Routing/Router.php(694): Illuminate\\Pipeline\\Pipeline->then()
#43 /mnt/c/Users/Paulo/Documents/laravel/laravelsolo/laravelsolo/vendor/laravel/framework/src/Illuminate/Routing/Router.php(669): Illuminate\\Routing\\Router->runRouteWithinStack()
#44 /mnt/c/Users/Paulo/Documents/laravel/laravelsolo/laravelsolo/vendor/laravel/framework/src/Illuminate/Routing/Router.php(635): Illuminate\\Routing\\Router->runRoute()
#45 /mnt/c/Users/Paulo/Documents/laravel/laravelsolo/laravelsolo/vendor/laravel/framework/src/Illuminate/Routing/Router.php(624): Illuminate\\Routing\\Router->dispatchToRoute()
#46 /mnt/c/Users/Paulo/Documents/laravel/laravelsolo/laravelsolo/vendor/laravel/framework/src/Illuminate/Foundation/Http/Kernel.php(166): Illuminate\\Routing\\Router->dispatch()
#47 /mnt/c/Users/Paulo/Documents/laravel/laravelsolo/laravelsolo/vendor/laravel/framework/src/Illuminate/Pipeline/Pipeline.php(128): Illuminate\\Foundation\\Http\\Kernel->Illuminate\\Foundation\\Http\\{closure}()
#48 /mnt/c/Users/Paulo/Documents/laravel/laravelsolo/laravelsolo/vendor/laravel/framework/src/Illuminate/Foundation/Http/Middleware/TransformsRequest.php(21): Illuminate\\Pipeline\\Pipeline->Illuminate\\Pipeline\\{closure}()
#49 /mnt/c/Users/Paulo/Documents/laravel/laravelsolo/laravelsolo/vendor/laravel/framework/src/Illuminate/Pipeline/Pipeline.php(167): Illuminate\\Foundation\\Http\\Middleware\\TransformsRequest->handle()
#50 /mnt/c/Users/Paulo/Documents/laravel/laravelsolo/laravelsolo/vendor/laravel/framework/src/Illuminate/Foundation/Http/Middleware/TransformsRequest.php(21): Illuminate\\Pipeline\\Pipeline->Illuminate\\Pipeline\\{closure}()
#51 /mnt/c/Users/Paulo/Documents/laravel/laravelsolo/laravelsolo/vendor/laravel/framework/src/Illuminate/Pipeline/Pipeline.php(167): Illuminate\\Foundation\\Http\\Middleware\\TransformsRequest->handle()
#52 /mnt/c/Users/Paulo/Documents/laravel/laravelsolo/laravelsolo/vendor/laravel/framework/src/Illuminate/Foundation/Http/Middleware/ValidatePostSize.php(27): Illuminate\\Pipeline\\Pipeline->Illuminate\\Pipeline\\{closure}()
#53 /mnt/c/Users/Paulo/Documents/laravel/laravelsolo/laravelsolo/vendor/laravel/framework/src/Illuminate/Pipeline/Pipeline.php(167): Illuminate\\Foundation\\Http\\Middleware\\ValidatePostSize->handle()
#54 /mnt/c/Users/Paulo/Documents/laravel/laravelsolo/laravelsolo/vendor/laravel/framework/src/Illuminate/Foundation/Http/Middleware/PreventRequestsDuringMaintenance.php(87): Illuminate\\Pipeline\\Pipeline->Illuminate\\Pipeline\\{closure}()
#55 /mnt/c/Users/Paulo/Documents/laravel/laravelsolo/laravelsolo/vendor/laravel/framework/src/Illuminate/Pipeline/Pipeline.php(167): Illuminate\\Foundation\\Http\\Middleware\\PreventRequestsDuringMaintenance->handle()
#56 /mnt/c/Users/Paulo/Documents/laravel/laravelsolo/laravelsolo/vendor/fruitcake/laravel-cors/src/HandleCors.php(37): Illuminate\\Pipeline\\Pipeline->Illuminate\\Pipeline\\{closure}()
#57 /mnt/c/Users/Paulo/Documents/laravel/laravelsolo/laravelsolo/vendor/laravel/framework/src/Illuminate/Pipeline/Pipeline.php(167): Fruitcake\\Cors\\HandleCors->handle()
#58 /mnt/c/Users/Paulo/Documents/laravel/laravelsolo/laravelsolo/vendor/fideloper/proxy/src/TrustProxies.php(57): Illuminate\\Pipeline\\Pipeline->Illuminate\\Pipeline\\{closure}()
#59 /mnt/c/Users/Paulo/Documents/laravel/laravelsolo/laravelsolo/vendor/laravel/framework/src/Illuminate/Pipeline/Pipeline.php(167): Fideloper\\Proxy\\TrustProxies->handle()
#60 /mnt/c/Users/Paulo/Documents/laravel/laravelsolo/laravelsolo/vendor/laravel/framework/src/Illuminate/Pipeline/Pipeline.php(103): Illuminate\\Pipeline\\Pipeline->Illuminate\\Pipeline\\{closure}()
#61 /mnt/c/Users/Paulo/Documents/laravel/laravelsolo/laravelsolo/vendor/laravel/framework/src/Illuminate/Foundation/Http/Kernel.php(141): Illuminate\\Pipeline\\Pipeline->then()
#62 /mnt/c/Users/Paulo/Documents/laravel/laravelsolo/laravelsolo/vendor/laravel/framework/src/Illuminate/Foundation/Http/Kernel.php(110): Illuminate\\Foundation\\Http\\Kernel->sendRequestThroughRouter()
#63 /mnt/c/Users/Paulo/Documents/laravel/laravelsolo/laravelsolo/public/index.php(52): Illuminate\\Foundation\\Http\\Kernel->handle()
#64 /mnt/c/Users/Paulo/Documents/laravel/laravelsolo/laravelsolo/server.php(21): require_once('/mnt/c/Users/Pa...')
#65 {main}
"} 
[2020-12-31 20:50:04] local.ERROR: file_put_contents(C:\Users\Paulo\Documents\laravel\laravelsolo\laravelsolo\storage\framework/sessions/Wu8I6ffT81IbQo87nwgkrRPyfA2nsH50qEhQRZ3N): failed to open stream: No such file or directory {"exception":"[object] (ErrorException(code: 0): file_put_contents(C:\\Users\\Paulo\\Documents\\laravel\\laravelsolo\\laravelsolo\\storage\\framework/sessions/Wu8I6ffT81IbQo87nwgkrRPyfA2nsH50qEhQRZ3N): failed to open stream: No such file or directory at /mnt/c/Users/Paulo/Documents/laravel/laravelsolo/laravelsolo/vendor/laravel/framework/src/Illuminate/Filesystem/Filesystem.php:185)
[stacktrace]
#0 [internal function]: Illuminate\\Foundation\\Bootstrap\\HandleExceptions->handleError()
#1 /mnt/c/Users/Paulo/Documents/laravel/laravelsolo/laravelsolo/vendor/laravel/framework/src/Illuminate/Filesystem/Filesystem.php(185): file_put_contents()
#2 /mnt/c/Users/Paulo/Documents/laravel/laravelsolo/laravelsolo/vendor/laravel/framework/src/Illuminate/Session/FileSessionHandler.php(83): Illuminate\\Filesystem\\Filesystem->put()
#3 /mnt/c/Users/Paulo/Documents/laravel/laravelsolo/laravelsolo/vendor/laravel/framework/src/Illuminate/Session/Store.php(129): Illuminate\\Session\\FileSessionHandler->write()
#4 /mnt/c/Users/Paulo/Documents/laravel/laravelsolo/laravelsolo/vendor/laravel/framework/src/Illuminate/Session/Middleware/StartSession.php(236): Illuminate\\Session\\Store->save()
#5 /mnt/c/Users/Paulo/Documents/laravel/laravelsolo/laravelsolo/vendor/laravel/framework/src/Illuminate/Session/Middleware/StartSession.php(130): Illuminate\\Session\\Middleware\\StartSession->saveSession()
#6 /mnt/c/Users/Paulo/Documents/laravel/laravelsolo/laravelsolo/vendor/laravel/framework/src/Illuminate/Session/Middleware/StartSession.php(63): Illuminate\\Session\\Middleware\\StartSession->handleStatefulRequest()
#7 /mnt/c/Users/Paulo/Documents/laravel/laravelsolo/laravelsolo/vendor/laravel/framework/src/Illuminate/Pipeline/Pipeline.php(167): Illuminate\\Session\\Middleware\\StartSession->handle()
#8 /mnt/c/Users/Paulo/Documents/laravel/laravelsolo/laravelsolo/vendor/laravel/framework/src/Illuminate/Cookie/Middleware/AddQueuedCookiesToResponse.php(37): Illuminate\\Pipeline\\Pipeline->Illuminate\\Pipeline\\{closure}()
#9 /mnt/c/Users/Paulo/Documents/laravel/laravelsolo/laravelsolo/vendor/laravel/framework/src/Illuminate/Pipeline/Pipeline.php(167): Illuminate\\Cookie\\Middleware\\AddQueuedCookiesToResponse->handle()
#10 /mnt/c/Users/Paulo/Documents/laravel/laravelsolo/laravelsolo/vendor/laravel/framework/src/Illuminate/Cookie/Middleware/EncryptCookies.php(67): Illuminate\\Pipeline\\Pipeline->Illuminate\\Pipeline\\{closure}()
#11 /mnt/c/Users/Paulo/Documents/laravel/laravelsolo/laravelsolo/vendor/laravel/framework/src/Illuminate/Pipeline/Pipeline.php(167): Illuminate\\Cookie\\Middleware\\EncryptCookies->handle()
#12 /mnt/c/Users/Paulo/Documents/laravel/laravelsolo/laravelsolo/vendor/laravel/framework/src/Illuminate/Pipeline/Pipeline.php(103): Illuminate\\Pipeline\\Pipeline->Illuminate\\Pipeline\\{closure}()
#13 /mnt/c/Users/Paulo/Documents/laravel/laravelsolo/laravelsolo/vendor/laravel/framework/src/Illuminate/Routing/Router.php(694): Illuminate\\Pipeline\\Pipeline->then()
#14 /mnt/c/Users/Paulo/Documents/laravel/laravelsolo/laravelsolo/vendor/laravel/framework/src/Illuminate/Routing/Router.php(669): Illuminate\\Routing\\Router->runRouteWithinStack()
#15 /mnt/c/Users/Paulo/Documents/laravel/laravelsolo/laravelsolo/vendor/laravel/framework/src/Illuminate/Routing/Router.php(635): Illuminate\\Routing\\Router->runRoute()
#16 /mnt/c/Users/Paulo/Documents/laravel/laravelsolo/laravelsolo/vendor/laravel/framework/src/Illuminate/Routing/Router.php(624): Illuminate\\Routing\\Router->dispatchToRoute()
#17 /mnt/c/Users/Paulo/Documents/laravel/laravelsolo/laravelsolo/vendor/laravel/framework/src/Illuminate/Foundation/Http/Kernel.php(166): Illuminate\\Routing\\Router->dispatch()
#18 /mnt/c/Users/Paulo/Documents/laravel/laravelsolo/laravelsolo/vendor/laravel/framework/src/Illuminate/Pipeline/Pipeline.php(128): Illuminate\\Foundation\\Http\\Kernel->Illuminate\\Foundation\\Http\\{closure}()
#19 /mnt/c/Users/Paulo/Documents/laravel/laravelsolo/laravelsolo/vendor/laravel/framework/src/Illuminate/Foundation/Http/Middleware/TransformsRequest.php(21): Illuminate\\Pipeline\\Pipeline->Illuminate\\Pipeline\\{closure}()
#20 /mnt/c/Users/Paulo/Documents/laravel/laravelsolo/laravelsolo/vendor/laravel/framework/src/Illuminate/Pipeline/Pipeline.php(167): Illuminate\\Foundation\\Http\\Middleware\\TransformsRequest->handle()
#21 /mnt/c/Users/Paulo/Documents/laravel/laravelsolo/laravelsolo/vendor/laravel/framework/src/Illuminate/Foundation/Http/Middleware/TransformsRequest.php(21): Illuminate\\Pipeline\\Pipeline->Illuminate\\Pipeline\\{closure}()
#22 /mnt/c/Users/Paulo/Documents/laravel/laravelsolo/laravelsolo/vendor/laravel/framework/src/Illuminate/Pipeline/Pipeline.php(167): Illuminate\\Foundation\\Http\\Middleware\\TransformsRequest->handle()
#23 /mnt/c/Users/Paulo/Documents/laravel/laravelsolo/laravelsolo/vendor/laravel/framework/src/Illuminate/Foundation/Http/Middleware/ValidatePostSize.php(27): Illuminate\\Pipeline\\Pipeline->Illuminate\\Pipeline\\{closure}()
#24 /mnt/c/Users/Paulo/Documents/laravel/laravelsolo/laravelsolo/vendor/laravel/framework/src/Illuminate/Pipeline/Pipeline.php(167): Illuminate\\Foundation\\Http\\Middleware\\ValidatePostSize->handle()
#25 /mnt/c/Users/Paulo/Documents/laravel/laravelsolo/laravelsolo/vendor/laravel/framework/src/Illuminate/Foundation/Http/Middleware/PreventRequestsDuringMaintenance.php(87): Illuminate\\Pipeline\\Pipeline->Illuminate\\Pipeline\\{closure}()
#26 /mnt/c/Users/Paulo/Documents/laravel/laravelsolo/laravelsolo/vendor/laravel/framework/src/Illuminate/Pipeline/Pipeline.php(167): Illuminate\\Foundation\\Http\\Middleware\\PreventRequestsDuringMaintenance->handle()
#27 /mnt/c/Users/Paulo/Documents/laravel/laravelsolo/laravelsolo/vendor/fruitcake/laravel-cors/src/HandleCors.php(37): Illuminate\\Pipeline\\Pipeline->Illuminate\\Pipeline\\{closure}()
#28 /mnt/c/Users/Paulo/Documents/laravel/laravelsolo/laravelsolo/vendor/laravel/framework/src/Illuminate/Pipeline/Pipeline.php(167): Fruitcake\\Cors\\HandleCors->handle()
#29 /mnt/c/Users/Paulo/Documents/laravel/laravelsolo/laravelsolo/vendor/fideloper/proxy/src/TrustProxies.php(57): Illuminate\\Pipeline\\Pipeline->Illuminate\\Pipeline\\{closure}()
#30 /mnt/c/Users/Paulo/Documents/laravel/laravelsolo/laravelsolo/vendor/laravel/framework/src/Illuminate/Pipeline/Pipeline.php(167): Fideloper\\Proxy\\TrustProxies->handle()
#31 /mnt/c/Users/Paulo/Documents/laravel/laravelsolo/laravelsolo/vendor/laravel/framework/src/Illuminate/Pipeline/Pipeline.php(103): Illuminate\\Pipeline\\Pipeline->Illuminate\\Pipeline\\{closure}()
#32 /mnt/c/Users/Paulo/Documents/laravel/laravelsolo/laravelsolo/vendor/laravel/framework/src/Illuminate/Foundation/Http/Kernel.php(141): Illuminate\\Pipeline\\Pipeline->then()
#33 /mnt/c/Users/Paulo/Documents/laravel/laravelsolo/laravelsolo/vendor/laravel/framework/src/Illuminate/Foundation/Http/Kernel.php(110): Illuminate\\Foundation\\Http\\Kernel->sendRequestThroughRouter()
#34 /mnt/c/Users/Paulo/Documents/laravel/laravelsolo/laravelsolo/public/index.php(52): Illuminate\\Foundation\\Http\\Kernel->handle()
#35 /mnt/c/Users/Paulo/Documents/laravel/laravelsolo/laravelsolo/server.php(21): require_once('/mnt/c/Users/Pa...')
#36 {main}
"} 
